<?xml version="1.0" encoding="UTF-8"?>
<!-- Generated by org.testng.reporters.JUnitReportReporter -->
<testsuite skipped="0" hostname="A-PC0ZSJ1M" name="Grid.SauceLabs.sauceLabs" tests="1" failures="0" timestamp="21 Nov 2021 06:30:11 GMT" time="0.657" errors="0">
  <testcase name="launchgoogle" time="0.657" classname="Grid.SauceLabs.sauceLabs"/>
</testsuite> <!-- Grid.SauceLabs.sauceLabs -->
